<?xml version="1.0" encoding="UTF-8"?>
<testsuite name="com.example.demo.data.BaseDeDonneesTests" tests="1" skipped="0" failures="0" errors="0" timestamp="2023-03-27T13:10:44" hostname="q10603" time="0.018">
  <properties/>
  <testcase name="uneVoiture()" classname="com.example.demo.data.BaseDeDonneesTests" time="0.018"/>
  <system-out><![CDATA[15:10:42.393 [Test worker] DEBUG org.springframework.test.context.BootstrapUtils - Instantiating CacheAwareContextLoaderDelegate from class [org.springframework.test.context.cache.DefaultCacheAwareContextLoaderDelegate]
15:10:42.398 [Test worker] DEBUG org.springframework.test.context.BootstrapUtils - Instantiating BootstrapContext using constructor [public org.springframework.test.context.support.DefaultBootstrapContext(java.lang.Class,org.springframework.test.context.CacheAwareContextLoaderDelegate)]
15:10:42.416 [Test worker] DEBUG org.springframework.test.context.BootstrapUtils - Instantiating TestContextBootstrapper for test class [com.example.demo.data.BaseDeDonneesTests] from class [org.springframework.boot.test.context.SpringBootTestContextBootstrapper]
15:10:42.422 [Test worker] INFO org.springframework.boot.test.context.SpringBootTestContextBootstrapper - Neither @ContextConfiguration nor @ContextHierarchy found for test class [com.example.demo.data.BaseDeDonneesTests], using SpringBootContextLoader
15:10:42.424 [Test worker] DEBUG org.springframework.test.context.support.AbstractContextLoader - Did not detect default resource location for test class [com.example.demo.data.BaseDeDonneesTests]: class path resource [com/example/demo/data/BaseDeDonneesTests-context.xml] does not exist
15:10:42.424 [Test worker] DEBUG org.springframework.test.context.support.AbstractContextLoader - Did not detect default resource location for test class [com.example.demo.data.BaseDeDonneesTests]: class path resource [com/example/demo/data/BaseDeDonneesTestsContext.groovy] does not exist
15:10:42.424 [Test worker] INFO org.springframework.test.context.support.AbstractContextLoader - Could not detect default resource locations for test class [com.example.demo.data.BaseDeDonneesTests]: no resource found for suffixes {-context.xml, Context.groovy}.
15:10:42.425 [Test worker] INFO org.springframework.test.context.support.AnnotationConfigContextLoaderUtils - Could not detect default configuration classes for test class [com.example.demo.data.BaseDeDonneesTests]: BaseDeDonneesTests does not declare any static, non-private, non-final, nested classes annotated with @Configuration.
15:10:42.450 [Test worker] DEBUG org.springframework.test.context.support.ActiveProfilesUtils - Could not find an 'annotation declaring class' for annotation type [org.springframework.test.context.ActiveProfiles] and class [com.example.demo.data.BaseDeDonneesTests]
15:10:42.480 [Test worker] DEBUG org.springframework.context.annotation.ClassPathScanningCandidateComponentProvider - Identified candidate component class: file [/tmp/qualiteDeDeveloppement/build/classes/java/main/com/example/demo/DemoApplication.class]
15:10:42.481 [Test worker] INFO org.springframework.boot.test.context.SpringBootTestContextBootstrapper - Found @SpringBootConfiguration com.example.demo.DemoApplication for test class com.example.demo.data.BaseDeDonneesTests
15:10:42.527 [Test worker] DEBUG org.springframework.boot.test.context.SpringBootTestContextBootstrapper - @TestExecutionListeners is not present for class [com.example.demo.data.BaseDeDonneesTests]: using defaults.
15:10:42.527 [Test worker] INFO org.springframework.boot.test.context.SpringBootTestContextBootstrapper - Loaded default TestExecutionListener class names from location [META-INF/spring.factories]: [org.springframework.boot.test.autoconfigure.restdocs.RestDocsTestExecutionListener, org.springframework.boot.test.autoconfigure.web.client.MockRestServiceServerResetTestExecutionListener, org.springframework.boot.test.autoconfigure.web.servlet.MockMvcPrintOnlyOnFailureTestExecutionListener, org.springframework.boot.test.autoconfigure.web.servlet.WebDriverTestExecutionListener, org.springframework.boot.test.autoconfigure.webservices.client.MockWebServiceServerTestExecutionListener, org.springframework.boot.test.mock.mockito.MockitoTestExecutionListener, org.springframework.boot.test.mock.mockito.ResetMocksTestExecutionListener, org.springframework.test.context.web.ServletTestExecutionListener, org.springframework.test.context.support.DirtiesContextBeforeModesTestExecutionListener, org.springframework.test.context.event.ApplicationEventsTestExecutionListener, org.springframework.test.context.support.DependencyInjectionTestExecutionListener, org.springframework.test.context.support.DirtiesContextTestExecutionListener, org.springframework.test.context.transaction.TransactionalTestExecutionListener, org.springframework.test.context.jdbc.SqlScriptsTestExecutionListener, org.springframework.test.context.event.EventPublishingTestExecutionListener]
15:10:42.535 [Test worker] INFO org.springframework.boot.test.context.SpringBootTestContextBootstrapper - Using TestExecutionListeners: [org.springframework.test.context.web.ServletTestExecutionListener@1c80e49b, org.springframework.test.context.support.DirtiesContextBeforeModesTestExecutionListener@458342d3, org.springframework.test.context.event.ApplicationEventsTestExecutionListener@15c25153, org.springframework.boot.test.mock.mockito.MockitoTestExecutionListener@1252b961, org.springframework.boot.test.autoconfigure.SpringBootDependencyInjectionTestExecutionListener@9ed238c, org.springframework.test.context.support.DirtiesContextTestExecutionListener@56276db8, org.springframework.test.context.transaction.TransactionalTestExecutionListener@51e8e6e6, org.springframework.test.context.jdbc.SqlScriptsTestExecutionListener@56f6d40b, org.springframework.test.context.event.EventPublishingTestExecutionListener@36676c1a, org.springframework.boot.test.autoconfigure.restdocs.RestDocsTestExecutionListener@5b408dc3, org.springframework.boot.test.autoconfigure.web.client.MockRestServiceServerResetTestExecutionListener@4d098f9b, org.springframework.boot.test.autoconfigure.web.servlet.MockMvcPrintOnlyOnFailureTestExecutionListener@2dbf4cbd, org.springframework.boot.test.autoconfigure.web.servlet.WebDriverTestExecutionListener@20b5f2ac, org.springframework.boot.test.autoconfigure.webservices.client.MockWebServiceServerTestExecutionListener@7fc44dec, org.springframework.boot.test.mock.mockito.ResetMocksTestExecutionListener@7e3060d8]
15:10:42.537 [Test worker] DEBUG org.springframework.test.context.support.AbstractDirtiesContextTestExecutionListener - Before test class: context [DefaultTestContext@69637b10 testClass = BaseDeDonneesTests, testInstance = [null], testMethod = [null], testException = [null], mergedContextConfiguration = [WebMergedContextConfiguration@71984c3 testClass = BaseDeDonneesTests, locations = '{}', classes = '{class com.example.demo.DemoApplication}', contextInitializerClasses = '[]', activeProfiles = '{}', propertySourceLocations = '{}', propertySourceProperties = '{org.springframework.boot.test.context.SpringBootTestContextBootstrapper=true}', contextCustomizers = set[org.springframework.boot.test.autoconfigure.actuate.metrics.MetricsExportContextCustomizerFactory$DisableMetricExportContextCustomizer@1458ed9c, org.springframework.boot.test.autoconfigure.properties.PropertyMappingContextCustomizer@0, org.springframework.boot.test.autoconfigure.web.servlet.WebDriverContextCustomizerFactory$Customizer@4f0100a7, org.springframework.boot.test.context.filter.ExcludeFilterContextCustomizer@1e097d59, org.springframework.boot.test.json.DuplicateJsonObjectContextCustomizerFactory$DuplicateJsonObjectContextCustomizer@54e7df6a, org.springframework.boot.test.mock.mockito.MockitoContextCustomizer@f7de8c2c, org.springframework.boot.test.web.client.TestRestTemplateContextCustomizer@7a1234bf, org.springframework.boot.test.context.SpringBootTestArgs@1, org.springframework.boot.test.context.SpringBootTestWebEnvironment@3098cf3b], resourceBasePath = 'src/main/webapp', contextLoader = 'org.springframework.boot.test.context.SpringBootContextLoader', parent = [null]], attributes = map['org.springframework.test.context.web.ServletTestExecutionListener.activateListener' -> true]], class annotated with @DirtiesContext [false] with mode [null].

  .   ____          _            __ _ _
 /\\ / ___'_ __ _ _(_)_ __  __ _ \ \ \ \
( ( )\___ | '_ | '_| | '_ \/ _` | \ \ \ \
 \\/  ___)| |_)| | | | | || (_| |  ) ) ) )
  '  |____| .__|_| |_|_| |_\__, | / / / /
 =========|_|==============|___/=/_/_/_/
 :: Spring Boot ::                (v2.7.9)

2023-03-27 15:10:42.719  INFO 198320 --- [    Test worker] c.example.demo.data.BaseDeDonneesTests   : Starting BaseDeDonneesTests using Java 11.0.16 on q10603 with PID 198320 (started by 12102253 in /tmp/qualiteDeDeveloppement)
2023-03-27 15:10:42.720  INFO 198320 --- [    Test worker] c.example.demo.data.BaseDeDonneesTests   : No active profile set, falling back to 1 default profile: "default"
2023-03-27 15:10:43.027  INFO 198320 --- [    Test worker] .s.d.r.c.RepositoryConfigurationDelegate : Bootstrapping Spring Data JPA repositories in DEFAULT mode.
2023-03-27 15:10:43.048  INFO 198320 --- [    Test worker] .s.d.r.c.RepositoryConfigurationDelegate : Finished Spring Data repository scanning in 17 ms. Found 1 JPA repository interfaces.
2023-03-27 15:10:43.538  INFO 198320 --- [    Test worker] com.zaxxer.hikari.HikariDataSource       : HikariPool-1 - Starting...
2023-03-27 15:10:43.650  INFO 198320 --- [    Test worker] com.zaxxer.hikari.HikariDataSource       : HikariPool-1 - Start completed.
2023-03-27 15:10:43.686  INFO 198320 --- [    Test worker] o.hibernate.jpa.internal.util.LogHelper  : HHH000204: Processing PersistenceUnitInfo [name: default]
2023-03-27 15:10:43.715  INFO 198320 --- [    Test worker] org.hibernate.Version                    : HHH000412: Hibernate ORM core version 5.6.15.Final
2023-03-27 15:10:43.739  INFO 198320 --- [    Test worker] o.hibernate.annotations.common.Version   : HCANN000001: Hibernate Commons Annotations {5.1.2.Final}
2023-03-27 15:10:43.802  INFO 198320 --- [    Test worker] org.hibernate.dialect.Dialect            : HHH000400: Using dialect: org.hibernate.dialect.H2Dialect
2023-03-27 15:10:44.015  INFO 198320 --- [    Test worker] o.h.e.t.j.p.i.JtaPlatformInitiator       : HHH000490: Using JtaPlatform implementation: [org.hibernate.engine.transaction.jta.platform.internal.NoJtaPlatform]
2023-03-27 15:10:44.021  INFO 198320 --- [    Test worker] j.LocalContainerEntityManagerFactoryBean : Initialized JPA EntityManagerFactory for persistence unit 'default'
2023-03-27 15:10:44.135  WARN 198320 --- [    Test worker] JpaBaseConfiguration$JpaWebConfiguration : spring.jpa.open-in-view is enabled by default. Therefore, database queries may be performed during view rendering. Explicitly configure spring.jpa.open-in-view to disable this warning
2023-03-27 15:10:44.429  INFO 198320 --- [    Test worker] c.example.demo.data.BaseDeDonneesTests   : Started BaseDeDonneesTests in 1.872 seconds (JVM running for 2.455)
[]
Optional.empty
]]></system-out>
  <system-err><![CDATA[]]></system-err>
</testsuite>
