<?xml version="1.0" encoding="UTF-8"?>
<testsuite name="com.example.demo.data.VoitureTest" tests="1" skipped="0" failures="0" errors="0" timestamp="2023-03-20T17:10:27" hostname="SALON" time="0.004">
  <properties/>
  <testcase name="creerVoiture()" classname="com.example.demo.data.VoitureTest" time="0.004"/>
  <system-out><![CDATA[2023-03-20 18:10:27.534  INFO 2928 --- [    Test worker] .b.t.c.SpringBootTestContextBootstrapper : Neither @ContextConfiguration nor @ContextHierarchy found for test class [com.example.demo.data.VoitureTest], using SpringBootContextLoader
2023-03-20 18:10:27.535  INFO 2928 --- [    Test worker] o.s.t.c.support.AbstractContextLoader    : Could not detect default resource locations for test class [com.example.demo.data.VoitureTest]: no resource found for suffixes {-context.xml, Context.groovy}.
2023-03-20 18:10:27.535  INFO 2928 --- [    Test worker] t.c.s.AnnotationConfigContextLoaderUtils : Could not detect default configuration classes for test class [com.example.demo.data.VoitureTest]: VoitureTest does not declare any static, non-private, non-final, nested classes annotated with @Configuration.
2023-03-20 18:10:27.537  INFO 2928 --- [    Test worker] .b.t.c.SpringBootTestContextBootstrapper : Found @SpringBootConfiguration com.example.demo.DemoApplication for test class com.example.demo.data.VoitureTest
2023-03-20 18:10:27.539  INFO 2928 --- [    Test worker] .b.t.c.SpringBootTestContextBootstrapper : Loaded default TestExecutionListener class names from location [META-INF/spring.factories]: [org.springframework.boot.test.autoconfigure.restdocs.RestDocsTestExecutionListener, org.springframework.boot.test.autoconfigure.web.client.MockRestServiceServerResetTestExecutionListener, org.springframework.boot.test.autoconfigure.web.servlet.MockMvcPrintOnlyOnFailureTestExecutionListener, org.springframework.boot.test.autoconfigure.web.servlet.WebDriverTestExecutionListener, org.springframework.boot.test.autoconfigure.webservices.client.MockWebServiceServerTestExecutionListener, org.springframework.boot.test.mock.mockito.MockitoTestExecutionListener, org.springframework.boot.test.mock.mockito.ResetMocksTestExecutionListener, org.springframework.test.context.web.ServletTestExecutionListener, org.springframework.test.context.support.DirtiesContextBeforeModesTestExecutionListener, org.springframework.test.context.event.ApplicationEventsTestExecutionListener, org.springframework.test.context.support.DependencyInjectionTestExecutionListener, org.springframework.test.context.support.DirtiesContextTestExecutionListener, org.springframework.test.context.transaction.TransactionalTestExecutionListener, org.springframework.test.context.jdbc.SqlScriptsTestExecutionListener, org.springframework.test.context.event.EventPublishingTestExecutionListener]
2023-03-20 18:10:27.539  INFO 2928 --- [    Test worker] .b.t.c.SpringBootTestContextBootstrapper : Using TestExecutionListeners: [org.springframework.test.context.web.ServletTestExecutionListener@48144f1a, org.springframework.test.context.support.DirtiesContextBeforeModesTestExecutionListener@6f7b8ae1, org.springframework.test.context.event.ApplicationEventsTestExecutionListener@6c8d8b60, org.springframework.boot.test.mock.mockito.MockitoTestExecutionListener@4fa6fb7f, org.springframework.boot.test.autoconfigure.SpringBootDependencyInjectionTestExecutionListener@2520010e, org.springframework.test.context.support.DirtiesContextTestExecutionListener@163fbbc9, org.springframework.test.context.transaction.TransactionalTestExecutionListener@1669f4e5, org.springframework.test.context.jdbc.SqlScriptsTestExecutionListener@6e6c8854, org.springframework.test.context.event.EventPublishingTestExecutionListener@4be1dce6, org.springframework.boot.test.autoconfigure.restdocs.RestDocsTestExecutionListener@206bd7a0, org.springframework.boot.test.autoconfigure.web.client.MockRestServiceServerResetTestExecutionListener@79fcd194, org.springframework.boot.test.autoconfigure.web.servlet.MockMvcPrintOnlyOnFailureTestExecutionListener@73d8c8d7, org.springframework.boot.test.autoconfigure.web.servlet.WebDriverTestExecutionListener@361b3ca6, org.springframework.boot.test.autoconfigure.webservices.client.MockWebServiceServerTestExecutionListener@48333b12, org.springframework.boot.test.mock.mockito.ResetMocksTestExecutionListener@575c23f1]
]]></system-out>
  <system-err><![CDATA[]]></system-err>
</testsuite>
